<?xml version="1.0" encoding="UTF-8"?>
<testng-results skipped="0" failed="1" ignored="0" total="1" passed="0">
  <reporter-output>
  </reporter-output>
  <suite name="Default suite" duration-ms="24733" started-at="2023-06-25T09:53:31 IST" finished-at="2023-06-25T09:53:56 IST">
    <groups>
    </groups>
    <test name="Default test" duration-ms="24733" started-at="2023-06-25T09:53:31 IST" finished-at="2023-06-25T09:53:56 IST">
      <class name="test.check">
        <test-method status="PASS" signature="initialization()[pri:0, instance:test.check@706a04ae]" name="initialization" is-config="true" duration-ms="364" started-at="2023-06-25T09:53:31 IST" finished-at="2023-06-25T09:53:31 IST">
          <reporter-output>
          </reporter-output>
        </test-method> <!-- initialization -->
        <test-method status="PASS" signature="launchapplication(java.lang.reflect.Method)[pri:0, instance:test.check@706a04ae]" name="launchapplication" is-config="true" duration-ms="20838" started-at="2023-06-25T09:53:31 IST" finished-at="2023-06-25T09:53:52 IST">
          <params>
            <param index="0">
              <value>
                <![CDATA[public void test.check.Login()]]>
              </value>
            </param>
          </params>
          <reporter-output>
          </reporter-output>
        </test-method> <!-- launchapplication -->
        <test-method status="FAIL" signature="Login()[pri:0, instance:test.check@706a04ae]" name="Login" duration-ms="2138" started-at="2023-06-25T09:53:52 IST" finished-at="2023-06-25T09:53:54 IST">
          <exception class="java.lang.ClassCastException">
            <message>
              <![CDATA[io.appium.java_client.AppiumDriver cannot be cast to io.appium.java_client.android.AndroidDriver]]>
            </message>
            <full-stacktrace>
              <![CDATA[java.lang.ClassCastException: io.appium.java_client.AppiumDriver cannot be cast to io.appium.java_client.android.AndroidDriver
at com.alliedTechnologies.utility.Utility.androidBTNS(Utility.java:479)
at com.alliedTechnologies.utility.Utility.hideKeyBoard(Utility.java:150)
at com.sns.loginPage.LoginPage.loginTest(LoginPage.java:28)
at test.check.Login(check.java:13)
at sun.reflect.NativeMethodAccessorImpl.invoke0(Native Method)
at sun.reflect.NativeMethodAccessorImpl.invoke(NativeMethodAccessorImpl.java:62)
at sun.reflect.DelegatingMethodAccessorImpl.invoke(DelegatingMethodAccessorImpl.java:43)
at java.lang.reflect.Method.invoke(Method.java:498)
at org.testng.internal.MethodInvocationHelper.invokeMethod(MethodInvocationHelper.java:133)
at org.testng.internal.TestInvoker.invokeMethod(TestInvoker.java:598)
at org.testng.internal.TestInvoker.invokeTestMethod(TestInvoker.java:173)
at org.testng.internal.MethodRunner.runInSequence(MethodRunner.java:46)
at org.testng.internal.TestInvoker$MethodInvocationAgent.invoke(TestInvoker.java:824)
at org.testng.internal.TestInvoker.invokeTestMethods(TestInvoker.java:146)
at org.testng.internal.TestMethodWorker.invokeTestMethods(TestMethodWorker.java:146)
at org.testng.internal.TestMethodWorker.run(TestMethodWorker.java:128)
at java.util.ArrayList.forEach(ArrayList.java:1257)
at org.testng.TestRunner.privateRun(TestRunner.java:794)
at org.testng.TestRunner.run(TestRunner.java:596)
at org.testng.SuiteRunner.runTest(SuiteRunner.java:377)
at org.testng.SuiteRunner.runSequentially(SuiteRunner.java:371)
at org.testng.SuiteRunner.privateRun(SuiteRunner.java:332)
at org.testng.SuiteRunner.run(SuiteRunner.java:276)
at org.testng.SuiteRunnerWorker.runSuite(SuiteRunnerWorker.java:53)
at org.testng.SuiteRunnerWorker.run(SuiteRunnerWorker.java:96)
at org.testng.TestNG.runSuitesSequentially(TestNG.java:1212)
at org.testng.TestNG.runSuitesLocally(TestNG.java:1134)
at org.testng.TestNG.runSuites(TestNG.java:1063)
at org.testng.TestNG.run(TestNG.java:1031)
at org.testng.remote.AbstractRemoteTestNG.run(AbstractRemoteTestNG.java:115)
at org.testng.remote.RemoteTestNG.initAndRun(RemoteTestNG.java:251)
at org.testng.remote.RemoteTestNG.main(RemoteTestNG.java:77)
]]>
            </full-stacktrace>
          </exception> <!-- java.lang.ClassCastException -->
          <reporter-output>
          </reporter-output>
        </test-method> <!-- Login -->
        <test-method status="PASS" signature="flush(org.testng.ITestResult)[pri:0, instance:test.check@706a04ae]" name="flush" is-config="true" duration-ms="1710" started-at="2023-06-25T09:53:54 IST" finished-at="2023-06-25T09:53:56 IST">
          <params>
            <param index="0">
              <value>
                <![CDATA[[TestResult name=Login status=FAILURE method=check.Login()[pri:0, instance:test.check@706a04ae] output={null}]]]>
              </value>
            </param>
          </params>
          <reporter-output>
          </reporter-output>
        </test-method> <!-- flush -->
      </class> <!-- test.check -->
    </test> <!-- Default test -->
  </suite> <!-- Default suite -->
</testng-results>
